{
  "RSpec": {
    "coverage": {
      "/Users/yusenma/sketchyMedical/admin-api/app/models/api/v1/chapter.rb": [
        1,
        1,
        null,
        1,
        1,
        1,
        null,
        null
      ],
      "/Users/yusenma/sketchyMedical/admin-api/app/models/api/v1/course.rb": [
        1,
        1,
        1,
        1,
        1,
        null,
        null
      ],
      "/Users/yusenma/sketchyMedical/admin-api/app/models/api/v1/package.rb": [
        1,
        1,
        1,
        1,
        null,
        1,
        null,
        1,
        3,
        3,
        0,
        0,
        null,
        null,
        null,
        null,
        1,
        7,
        7,
        7,
        7,
        0,
        0,
        null,
        null,
        null,
        null,
        1,
        10,
        10,
        null,
        9,
        null,
        null,
        1,
        11,
        null,
        null,
        5,
        8,
        null,
        null,
        null,
        1,
        null,
        11,
        8,
        4,
        null,
        null,
        null,
        1,
        3,
        null,
        null,
        null,
        null,
        null,
        null,
        null,
        1,
        7,
        7,
        7,
        7,
        7,
        7,
        7,
        null,
        null,
        null
      ],
      "/Users/yusenma/sketchyMedical/admin-api/app/models/api/v1/qbank_answer.rb": [
        1,
        1,
        1,
        null,
        null
      ],
      "/Users/yusenma/sketchyMedical/admin-api/app/models/api/v1/qbank_question.rb": [
        1,
        1,
        1,
        1,
        1,
        1,
        1,
        null,
        null
      ],
      "/Users/yusenma/sketchyMedical/admin-api/app/models/api/v1/section.rb": [
        1,
        1,
        1,
        1,
        1,
        null,
        null
      ],
      "/Users/yusenma/sketchyMedical/admin-api/app/models/api/v1/sketchy_symbol.rb": [
        1,
        1,
        1,
        null,
        null
      ],
      "/Users/yusenma/sketchyMedical/admin-api/app/controllers/api/v1/packages_controller.rb": [
        1,
        null,
        1,
        1,
        1,
        1,
        1,
        null,
        null,
        1,
        11,
        null,
        null,
        11,
        null,
        null,
        null,
        null,
        3,
        null,
        null,
        null,
        3,
        null,
        null,
        null,
        null,
        3,
        2,
        null,
        1,
        null,
        null,
        null,
        1,
        12,
        12,
        null,
        11,
        null,
        null,
        null,
        7,
        null,
        null,
        null,
        7,
        null,
        null,
        null,
        null,
        null,
        7,
        6,
        null,
        1,
        null,
        null,
        null,
        1,
        3,
        null,
        null,
        3,
        2,
        2,
        1,
        null,
        1,
        null,
        null,
        null,
        null
      ],
      "/Users/yusenma/sketchyMedical/admin-api/app/serializaers/api/v1/package_serializer.rb": [
        1,
        1,
        1,
        null,
        null,
        1,
        1,
        null,
        null,
        null
      ],
      "/Users/yusenma/sketchyMedical/admin-api/app/serializaers/api/v1/qbank_question_serializer.rb": [

      ],
      "/Users/yusenma/sketchyMedical/admin-api/app/serializaers/api/v1/qbank_answer_serializer.rb": [

      ],
      "/Users/yusenma/sketchyMedical/admin-api/app/serializaers/api/v1/chapter_serializer.rb": [

      ],
      "/Users/yusenma/sketchyMedical/admin-api/app/serializaers/api/v1/section_serializer.rb": [
        0,
        0,
        0,
        0,
        null,
        0,
        0,
        0,
        null,
        0,
        0,
        0,
        null,
        0,
        0,
        0,
        null,
        0,
        0,
        0,
        null,
        0,
        0,
        0,
        0,
        0,
        0,
        0,
        0,
        null,
        0,
        0,
        0,
        0,
        0,
        0,
        0,
        null,
        0,
        0,
        0,
        0,
        null,
        0,
        0,
        0,
        0,
        0
      ],
      "/Users/yusenma/sketchyMedical/admin-api/app/serializaers/api/v1/course_serializer.rb": [

      ],
      "/Users/yusenma/sketchyMedical/admin-api/app/serializaers/api/v1/sketchy_symbol_serializer.rb": [

      ],
      "/Users/yusenma/sketchyMedical/admin-api/app/models/application_record.rb": [
        0,
        0,
        0
      ],
      "/Users/yusenma/sketchyMedical/admin-api/app/controllers/api/v1/chapters_controller.rb": [

      ],
      "/Users/yusenma/sketchyMedical/admin-api/app/controllers/api/v1/sketchy_symbols_controller.rb": [

      ],
      "/Users/yusenma/sketchyMedical/admin-api/app/controllers/api/v1/sections_controller.rb": [
        0,
        0,
        0,
        0,
        0,
        0,
        0,
        0,
        0,
        0,
        0
      ],
      "/Users/yusenma/sketchyMedical/admin-api/app/controllers/api/v1/courses_controller.rb": [

      ],
      "/Users/yusenma/sketchyMedical/admin-api/app/controllers/api/v1/qbank_questions_controller.rb": [

      ],
      "/Users/yusenma/sketchyMedical/admin-api/app/controllers/api/v1/qbank_answers_controller.rb": [

      ]
    },
    "timestamp": 1548805506
  }
}
